2022-08-22 19:03:04,578:INFO:PyCaret Supervised Module
2022-08-22 19:03:04,578:INFO:ML Usecase: regression
2022-08-22 19:03:04,578:INFO:version 2.3.10
2022-08-22 19:03:04,578:INFO:Initializing setup()
2022-08-22 19:03:04,579:INFO:setup(target=Price, ml_usecase=regression, available_plots={'parameter': 'Hyperparameters', 'residuals': 'Residuals', 'error': 'Prediction Error', 'cooks': 'Cooks Distance', 'rfe': 'Feature Selection', 'learning': 'Learning Curve', 'manifold': 'Manifold Learning', 'vc': 'Validation Curve', 'feature': 'Feature Importance', 'feature_all': 'Feature Importance (All)', 'tree': 'Decision Tree', 'residuals_interactive': 'Interactive Residuals'}, train_size=0.7, test_data=None, preprocess=True, imputation_type=simple, iterative_imputation_iters=5, categorical_features=None, categorical_imputation=constant, categorical_iterative_imputer=lightgbm, ordinal_features=None, high_cardinality_features=None, high_cardinality_method=frequency, numeric_features=None, numeric_imputation=mean, numeric_iterative_imputer=lightgbm, date_features=None, ignore_features=None, normalize=False, normalize_method=zscore, transformation=False, transformation_method=yeo-johnson, handle_unknown_categorical=True, unknown_categorical_method=least_frequent, pca=False, pca_method=linear, pca_components=None, ignore_low_variance=False, combine_rare_levels=False, rare_level_threshold=0.1, bin_numeric_features=None, remove_outliers=False, outliers_threshold=0.05, remove_multicollinearity=False, multicollinearity_threshold=0.9, remove_perfect_collinearity=True, create_clusters=False, cluster_iter=20, polynomial_features=False, polynomial_degree=2, trigonometry_features=False, polynomial_threshold=0.1, group_features=None, group_names=None, feature_selection=False, feature_selection_threshold=0.8, feature_selection_method=classic, feature_interaction=False, feature_ratio=False, interaction_threshold=0.01, fix_imbalance=False, fix_imbalance_method=None, transform_target=True, transform_target_method=box-cox, data_split_shuffle=True, data_split_stratify=False, fold_strategy=kfold, fold=10, fold_shuffle=False, fold_groups=None, n_jobs=-1, use_gpu=False, custom_pipeline=None, html=True, session_id=None, log_experiment=True, experiment_name=diamond, experiment_custom_tags=None, log_plots=False, log_profile=False, log_data=False, silent=False, verbose=True, profile=False, profile_kwargs=None, display=None)
2022-08-22 19:03:04,579:INFO:Checking environment
2022-08-22 19:03:04,579:INFO:python_version: 3.8.10
2022-08-22 19:03:04,579:INFO:python_build: ('default', 'Mar 15 2022 12:22:08')
2022-08-22 19:03:04,579:INFO:machine: x86_64
2022-08-22 19:03:04,579:INFO:platform: Linux-5.10.16.3-microsoft-standard-WSL2-x86_64-with-glibc2.29
2022-08-22 19:03:04,580:INFO:Memory: svmem(total=16755048448, available=9548386304, percent=43.0, used=6869737472, free=3938406400, active=1472348160, inactive=9314971648, buffers=983040000, cached=4963864576, shared=65536, slab=1792954368)
2022-08-22 19:03:04,584:INFO:Physical Core: 8
2022-08-22 19:03:04,585:INFO:Logical Core: 16
2022-08-22 19:03:04,585:INFO:Checking libraries
2022-08-22 19:03:04,585:INFO:pd==1.4.3
2022-08-22 19:03:04,585:INFO:numpy==1.19.5
2022-08-22 19:03:04,585:INFO:sklearn==0.23.2
2022-08-22 19:03:04,585:INFO:lightgbm==3.3.2
2022-08-22 19:03:04,585:WARNING:catboost not found
2022-08-22 19:03:04,586:WARNING:xgboost not found
2022-08-22 19:03:04,586:INFO:mlflow==1.28.0
2022-08-22 19:03:04,586:INFO:Checking Exceptions
2022-08-22 19:03:04,586:INFO:Declaring global variables
2022-08-22 19:03:04,586:INFO:USI: 71f6
2022-08-22 19:03:04,586:INFO:pycaret_globals: {'logging_param', 'transform_target_param', 'pycaret_globals', '_all_models', '_all_metrics', 'dashboard_logger', 'y_test', 'imputation_regressor', 'fold_param', 'display_container', 'master_model_container', 'imputation_classifier', 'fold_groups_param', 'fold_groups_param_full', 'fold_generator', 'X_test', 'transform_target_method_param', 'fix_imbalance_method_param', 'seed', 'fix_imbalance_param', 'y', 'stratify_param', 'create_model_container', 'USI', 'target_param', 'gpu_param', '_available_plots', 'X_train', '_ml_usecase', 'y_train', 'experiment__', 'exp_name_log', 'data_before_preprocess', '_internal_pipeline', 'html_param', 'prep_pipe', '_gpu_n_jobs_param', 'X', 'iterative_imputation_iters_param', '_all_models_internal', 'fold_shuffle_param', 'n_jobs_param', 'log_plots_param'}
2022-08-22 19:03:04,587:INFO:Preparing display monitor
2022-08-22 19:03:04,587:INFO:Preparing display monitor
2022-08-22 19:03:04,604:INFO:Importing libraries
2022-08-22 19:03:04,605:INFO:Copying data for preprocessing
2022-08-22 19:03:04,615:INFO:Declaring preprocessing parameters
2022-08-22 19:03:04,617:INFO:Creating preprocessing pipeline
2022-08-22 19:03:04,625:INFO:Preprocessing pipeline created successfully
2022-08-22 19:03:04,625:ERROR:(Process Exit): setup has been interupted with user command 'quit'. setup must rerun.
2022-08-22 19:03:04,625:INFO:Creating global containers
2022-08-22 19:03:04,627:INFO:Internal pipeline: Pipeline(memory=None, steps=[('empty_step', 'passthrough')], verbose=False)
2022-08-22 19:09:54,488:INFO:PyCaret Supervised Module
2022-08-22 19:09:54,489:INFO:ML Usecase: regression
2022-08-22 19:09:54,489:INFO:version 2.3.10
2022-08-22 19:09:54,489:INFO:Initializing setup()
2022-08-22 19:09:54,489:INFO:setup(target=Price, ml_usecase=regression, available_plots={'parameter': 'Hyperparameters', 'residuals': 'Residuals', 'error': 'Prediction Error', 'cooks': 'Cooks Distance', 'rfe': 'Feature Selection', 'learning': 'Learning Curve', 'manifold': 'Manifold Learning', 'vc': 'Validation Curve', 'feature': 'Feature Importance', 'feature_all': 'Feature Importance (All)', 'tree': 'Decision Tree', 'residuals_interactive': 'Interactive Residuals'}, train_size=0.7, test_data=None, preprocess=True, imputation_type=simple, iterative_imputation_iters=5, categorical_features=None, categorical_imputation=constant, categorical_iterative_imputer=lightgbm, ordinal_features=None, high_cardinality_features=None, high_cardinality_method=frequency, numeric_features=None, numeric_imputation=mean, numeric_iterative_imputer=lightgbm, date_features=None, ignore_features=None, normalize=False, normalize_method=zscore, transformation=False, transformation_method=yeo-johnson, handle_unknown_categorical=True, unknown_categorical_method=least_frequent, pca=False, pca_method=linear, pca_components=None, ignore_low_variance=False, combine_rare_levels=False, rare_level_threshold=0.1, bin_numeric_features=None, remove_outliers=False, outliers_threshold=0.05, remove_multicollinearity=False, multicollinearity_threshold=0.9, remove_perfect_collinearity=True, create_clusters=False, cluster_iter=20, polynomial_features=False, polynomial_degree=2, trigonometry_features=False, polynomial_threshold=0.1, group_features=None, group_names=None, feature_selection=False, feature_selection_threshold=0.8, feature_selection_method=classic, feature_interaction=False, feature_ratio=False, interaction_threshold=0.01, fix_imbalance=False, fix_imbalance_method=None, transform_target=True, transform_target_method=box-cox, data_split_shuffle=True, data_split_stratify=False, fold_strategy=kfold, fold=10, fold_shuffle=False, fold_groups=None, n_jobs=-1, use_gpu=False, custom_pipeline=None, html=True, session_id=None, log_experiment=True, experiment_name=diamond, experiment_custom_tags=None, log_plots=False, log_profile=False, log_data=False, silent=False, verbose=True, profile=False, profile_kwargs=None, display=None)
2022-08-22 19:09:54,489:INFO:Checking environment
2022-08-22 19:09:54,489:INFO:python_version: 3.8.10
2022-08-22 19:09:54,489:INFO:python_build: ('default', 'Mar 15 2022 12:22:08')
2022-08-22 19:09:54,489:INFO:machine: x86_64
2022-08-22 19:09:54,489:INFO:platform: Linux-5.10.16.3-microsoft-standard-WSL2-x86_64-with-glibc2.29
2022-08-22 19:09:54,489:INFO:Memory: svmem(total=16755048448, available=10814443520, percent=35.5, used=5599297536, free=5207539712, active=1550307328, inactive=7958155264, buffers=983994368, cached=4964216832, shared=65536, slab=1792532480)
2022-08-22 19:09:54,490:INFO:Physical Core: 8
2022-08-22 19:09:54,490:INFO:Logical Core: 16
2022-08-22 19:09:54,490:INFO:Checking libraries
2022-08-22 19:09:54,491:INFO:pd==1.4.3
2022-08-22 19:09:54,491:INFO:numpy==1.19.5
2022-08-22 19:09:54,491:INFO:sklearn==0.23.2
2022-08-22 19:09:54,491:INFO:lightgbm==3.3.2
2022-08-22 19:09:54,491:WARNING:catboost not found
2022-08-22 19:09:54,491:WARNING:xgboost not found
2022-08-22 19:09:54,491:INFO:mlflow==1.28.0
2022-08-22 19:09:54,491:INFO:Checking Exceptions
2022-08-22 19:09:54,491:INFO:Declaring global variables
2022-08-22 19:09:54,492:INFO:USI: 16da
2022-08-22 19:09:54,492:INFO:pycaret_globals: {'fold_groups_param_full', '_internal_pipeline', 'html_param', 'y', 'X_train', 'imputation_classifier', 'transform_target_param', 'exp_name_log', 'experiment__', 'dashboard_logger', 'X', 'fix_imbalance_method_param', 'data_before_preprocess', 'display_container', 'target_param', 'fix_imbalance_param', '_ml_usecase', 'seed', 'pycaret_globals', 'log_plots_param', 'transform_target_method_param', 'iterative_imputation_iters_param', '_all_models', 'fold_groups_param', 'master_model_container', '_all_models_internal', 'stratify_param', 'fold_param', '_all_metrics', 'fold_shuffle_param', 'n_jobs_param', 'create_model_container', 'y_train', 'gpu_param', '_available_plots', 'imputation_regressor', 'logging_param', 'fold_generator', 'prep_pipe', 'X_test', 'y_test', 'USI', '_gpu_n_jobs_param'}
2022-08-22 19:09:54,492:INFO:Preparing display monitor
2022-08-22 19:09:54,492:INFO:Preparing display monitor
2022-08-22 19:09:54,504:INFO:Importing libraries
2022-08-22 19:09:54,504:INFO:Copying data for preprocessing
2022-08-22 19:09:54,513:INFO:Declaring preprocessing parameters
2022-08-22 19:09:54,515:INFO:Creating preprocessing pipeline
2022-08-22 19:09:54,521:INFO:Preprocessing pipeline created successfully
2022-08-22 19:09:54,522:ERROR:(Process Exit): setup has been interupted with user command 'quit'. setup must rerun.
2022-08-22 19:09:54,522:INFO:Creating global containers
2022-08-22 19:09:54,523:INFO:Internal pipeline: Pipeline(memory=None, steps=[('empty_step', 'passthrough')], verbose=False)
